<?xml version="1.0" encoding="UTF-8"?>
<testng-results skipped="0" failed="1" total="1" passed="0">
  <reporter-output>
  </reporter-output>
  <suite name="Default suite" duration-ms="63" started-at="2017-01-28T04:21:32Z" finished-at="2017-01-28T04:21:32Z">
    <groups>
    </groups>
    <test name="Default test" duration-ms="63" started-at="2017-01-28T04:21:32Z" finished-at="2017-01-28T04:21:32Z">
      <class name="com.ebank.Keyword.Keyword">
        <test-method status="FAIL" signature="kExe()[pri:0, instance:com.ebank.Keyword.Keyword@70092adf]" name="kExe" duration-ms="31" started-at="2017-01-28T09:51:32Z" finished-at="2017-01-28T09:51:32Z">
          <exception class="java.lang.Error">
            <message>
              <![CDATA[Unresolved compilation problems: 
	Unhandled exception type FileNotFoundException
	Unhandled exception type IOException
	Unhandled exception type IOException
	Unhandled exception type FileNotFoundException
	Unhandled exception type IOException
	Unhandled exception type IOException
]]>
            </message>
            <full-stacktrace>
              <![CDATA[java.lang.Error: Unresolved compilation problems: 
	Unhandled exception type FileNotFoundException
	Unhandled exception type IOException
	Unhandled exception type IOException
	Unhandled exception type FileNotFoundException
	Unhandled exception type IOException
	Unhandled exception type IOException

	at com.ebank.Keyword.Keyword.kExe(Keyword.java:27)
	at sun.reflect.NativeMethodAccessorImpl.invoke0(Native Method)
	at sun.reflect.NativeMethodAccessorImpl.invoke(Unknown Source)
	at sun.reflect.DelegatingMethodAccessorImpl.invoke(Unknown Source)
	at java.lang.reflect.Method.invoke(Unknown Source)
	at org.testng.internal.MethodInvocationHelper.invokeMethod(MethodInvocationHelper.java:85)
	at org.testng.internal.Invoker.invokeMethod(Invoker.java:639)
	at org.testng.internal.Invoker.invokeTestMethod(Invoker.java:816)
	at org.testng.internal.Invoker.invokeTestMethods(Invoker.java:1124)
	at org.testng.internal.TestMethodWorker.invokeTestMethods(TestMethodWorker.java:125)
	at org.testng.internal.TestMethodWorker.run(TestMethodWorker.java:108)
	at org.testng.TestRunner.privateRun(TestRunner.java:774)
	at org.testng.TestRunner.run(TestRunner.java:624)
	at org.testng.SuiteRunner.runTest(SuiteRunner.java:359)
	at org.testng.SuiteRunner.runSequentially(SuiteRunner.java:354)
	at org.testng.SuiteRunner.privateRun(SuiteRunner.java:312)
	at org.testng.SuiteRunner.run(SuiteRunner.java:261)
	at org.testng.SuiteRunnerWorker.runSuite(SuiteRunnerWorker.java:52)
	at org.testng.SuiteRunnerWorker.run(SuiteRunnerWorker.java:86)
	at org.testng.TestNG.runSuitesSequentially(TestNG.java:1215)
	at org.testng.TestNG.runSuitesLocally(TestNG.java:1140)
	at org.testng.TestNG.run(TestNG.java:1048)
	at org.testng.remote.AbstractRemoteTestNG.run(AbstractRemoteTestNG.java:132)
	at org.testng.remote.RemoteTestNG.initAndRun(RemoteTestNG.java:236)
	at org.testng.remote.RemoteTestNG.main(RemoteTestNG.java:81)
]]>
            </full-stacktrace>
          </exception> <!-- java.lang.Error -->
          <reporter-output>
          </reporter-output>
        </test-method> <!-- kExe -->
      </class> <!-- com.ebank.Keyword.Keyword -->
    </test> <!-- Default test -->
  </suite> <!-- Default suite -->
</testng-results>
